The following modules were not unloaded:
  (Use "module --force purge" to unload all):

  1) showq/0.15   2) slurm/latest
Requirement already satisfied: ijson in /home/yuanzhis/.local/lib/python3.8/site-packages (3.1.4)
Requirement already satisfied: mpi4py in /home/yuanzhis/.local/lib/python3.8/site-packages (3.1.3)
Requirement already satisfied: PyYAML in /home/yuanzhis/.local/lib/python3.8/site-packages (6.0)
[debug] running root path: /home/yuanzhis/A1/COMP90024_Assignment_1
[debug] running root path: /home/yuanzhis/A1/COMP90024_Assignment_1
[debug] running root path: /home/yuanzhis/A1/COMP90024_Assignment_1
[debug] running root path: /home/yuanzhis/A1/COMP90024_Assignment_1
[debug] running root path: /home/yuanzhis/A1/COMP90024_Assignment_1
[debug] running root path: /home/yuanzhis/A1/COMP90024_Assignment_1
[debug] running root path: /home/yuanzhis/A1/COMP90024_Assignment_1
[debug] running root path: /home/yuanzhis/A1/COMP90024_Assignment_1
[DEBUG] config path: /home/yuanzhis/A1/COMP90024_Assignment_1/src/config.yml
[debug] loaded cfg, big_twitter_path is:  /data/projects/COMP90024/bigTwitter.json
[INFO] Start index:  1521573 Step:  507191  Rank:  3
[INFO] Start index:  507191 Step:  507191  Rank:  1
[INFO] Start index:  1014382 Step:  507191  Rank:  2
[INFO] Start index:  0 Step:  507191  Rank:  0
[DEBUG] config path: /home/yuanzhis/A1/COMP90024_Assignment_1/src/config.yml
[DEBUG] config path: /home/yuanzhis/A1/COMP90024_Assignment_1/src/config.yml
[DEBUG] config path: /home/yuanzhis/A1/COMP90024_Assignment_1/src/config.yml
[INFO] Start index:  2028764 Step:  507191  Rank:  4
[DEBUG] config path: /home/yuanzhis/A1/COMP90024_Assignment_1/src/config.yml
[INFO] Start index:  2535955 Step:  507191  Rank:  5
[DEBUG] config path: /home/yuanzhis/A1/COMP90024_Assignment_1/src/config.yml
[INFO] Start index:  3043146 Step:  507191  Rank:  6
[DEBUG] config path: /home/yuanzhis/A1/COMP90024_Assignment_1/src/config.yml
[INFO] Start index:  3550337 Step:  507186  Rank:  7
[DEBUG] config path: /home/yuanzhis/A1/COMP90024_Assignment_1/src/config.yml
Start index:  0  End index:  507191
[debug] loaded cfg, big_twitter_path is:  /data/projects/COMP90024/bigTwitter.json
Start index:  507191  End index:  1014382
[debug] loaded cfg, big_twitter_path is:  /data/projects/COMP90024/bigTwitter.json
Start index:  1014382  End index:  1521573
[debug] loaded cfg, big_twitter_path is:  /data/projects/COMP90024/bigTwitter.json
Start index:  1521573  End index:  2028764
[debug] loaded cfg, big_twitter_path is:  /data/projects/COMP90024/bigTwitter.json
[debug] loaded cfg, big_twitter_path is:  /data/projects/COMP90024/bigTwitter.json
[debug] loaded cfg, big_twitter_path is:  /data/projects/COMP90024/bigTwitter.json
[debug] loaded cfg, big_twitter_path is:  /data/projects/COMP90024/bigTwitter.json
Start index:  2535955  End index:  3043146
Start index:  3043146  End index:  3550337
Start index:  2028764  End index:  2535955
Start index:  3550337  End index:  4057521
[INFO] Parsing Time cost:  0:00:39.557543  rank:  0
[INFO] Parsing Time cost:  0:00:55.612654  rank:  1
[INFO] Parsing Time cost:  0:01:07.404055  rank:  2
[INFO] Parsing Time cost:  0:01:13.768985  rank:  3
[INFO] Parsing Time cost:  0:01:25.124055  rank:  4
[INFO] Parsing Time cost:  0:01:37.618808  rank:  5
[INFO] Parsing Time cost:  0:01:50.348254  rank:  6
ERROR:root:Expecting ',' delimiter: line 1 column 3989 (char 3988)
Traceback (most recent call last):
  File "/home/yuanzhis/A1/COMP90024_Assignment_1/src/util/twitter_json_parser.py", line 187, in parse_valid_coordinate_lang_maps_in_range_v2
    obj = json.loads(line)
  File "/usr/local/easybuild-2019/easybuild/software/compiler/gcccore/10.2.0/python/3.8.6/lib/python3.8/json/__init__.py", line 357, in loads
    return _default_decoder.decode(s)
  File "/usr/local/easybuild-2019/easybuild/software/compiler/gcccore/10.2.0/python/3.8.6/lib/python3.8/json/decoder.py", line 337, in decode
    obj, end = self.raw_decode(s, idx=_w(s, 0).end())
  File "/usr/local/easybuild-2019/easybuild/software/compiler/gcccore/10.2.0/python/3.8.6/lib/python3.8/json/decoder.py", line 353, in raw_decode
    obj, end = self.scan_once(s, idx)
json.decoder.JSONDecodeError: Expecting ',' delimiter: line 1 column 3989 (char 3988)
[ERROR] Index:  4057521
[INFO] Parsing Time cost:  0:01:58.467958  rank:  7
A1 :  [21, 2, [('English', 20), ('French', 1)]] 

B1 :  [180, 2, [('English', 179), ('Danish', 1)]] 

C1 :  [45, 3, [('English', 42), ('French', 2), ('German', 1)]] 

D1 :  [93, 3, [('English', 90), ('Portuguese', 2), ('Spanish', 1)]] 

A2 :  [24, 2, [('English', 23), ('Japanese', 1)]] 

B2 :  [495, 8, [('English', 482), ('Italian', 4), ('Japanese', 3), ('German', 2), ('Portuguese', 1), ('Finnish', 1), ('Spanish', 1), ('Hindi', 1)]] 

C2 :  [88, 4, [('English', 84), ('Spanish', 2), ('Romanian', 1), ('French', 1)]] 

D2 :  [33, 2, [('English', 31), ('Spanish', 2)]] 

A3 :  [27, 2, [('English', 26), ('Thai', 1)]] 

B3 :  [628, 8, [('English', 610), ('Japanese', 5), ('Romanian', 4), ('Spanish', 3), ('Portuguese', 3), ('Danish', 1), ('Thai', 1), ('German', 1)]] 

C3 :  [4386, 23, [('English', 4186), ('Japanese', 56), ('Spanish', 42), ('Portuguese', 15), ('German', 12), ('Romanian', 11), ('Italian', 9), ('Thai', 8), ('French', 8), ('Dutch', 6), ('Turkish', 5), ('Danish', 5), ('Vietnamese', 4), ('Korean', 4), ('Swedish', 3), ('Polish', 3), ('Czech', 2), ('Arabic', 2), ('Finnish', 1), ('Persian', 1), ('Bengali', 1), ('Norwegian', 1), ('Hungarian', 1)]] 

D3 :  [157, 4, [('English', 154), ('Spanish', 1), ('Portuguese', 1), ('Thai', 1)]] 

A4 :  [91, 6, [('English', 84), ('Turkish', 2), ('French', 2), ('German', 1), ('Dutch', 1), ('Spanish', 1)]] 

B4 :  [468, 9, [('English', 450), ('Japanese', 8), ('Portuguese', 3), ('Italian', 2), ('German', 1), ('Spanish', 1), ('Turkish', 1), ('Dutch', 1), ('French', 1)]] 

C4 :  [926, 15, [('English', 888), ('Japanese', 6), ('Romanian', 6), ('Spanish', 5), ('Italian', 5), ('French', 3), ('Danish', 2), ('Dutch', 2), ('German', 2), ('Portuguese', 2), ('Swedish', 1), ('Korean', 1), ('Czech', 1), ('Polish', 1), ('Norwegian', 1)]] 

D4 :  [3, 1, [('English', 3)]] 

 Toal records:  7665
 Time Total:  0:01:58.581515
