The following modules were not unloaded:
  (Use "module --force purge" to unload all):

  1) showq/0.15   2) slurm/latest
Requirement already satisfied: ijson in /home/yuanzhis/.local/lib/python3.8/site-packages (3.1.4)
Requirement already satisfied: mpi4py in /home/yuanzhis/.local/lib/python3.8/site-packages (3.1.3)
Requirement already satisfied: PyYAML in /home/yuanzhis/.local/lib/python3.8/site-packages (6.0)
[debug] running root path: /home/yuanzhis/A1/COMP90024_Assignment_1
[debug] running root path: /home/yuanzhis/A1/COMP90024_Assignment_1
[debug] running root path: /home/yuanzhis/A1/COMP90024_Assignment_1
[debug] running root path: /home/yuanzhis/A1/COMP90024_Assignment_1
[debug] running root path: /home/yuanzhis/A1/COMP90024_Assignment_1
[debug] running root path: /home/yuanzhis/A1/COMP90024_Assignment_1
[debug] running root path: /home/yuanzhis/A1/COMP90024_Assignment_1
[debug] running root path: /home/yuanzhis/A1/COMP90024_Assignment_1
[DEBUG] config path: /home/yuanzhis/A1/COMP90024_Assignment_1/src/config.yml
[debug] loaded cfg, big_twitter_path is:  /data/projects/COMP90024/bigTwitter.json
[INFO] Start index:  0 Step:  507191  Rank:  0
[INFO] Start index:  507191 Step:  507191  Rank:  1
[INFO] Start index:  1014382 Step:  507191  Rank:  2
[INFO] Start index:  1521573 Step:  507191  Rank:  3
[INFO] Start index:  2028764 Step:  507191  Rank:  4
[INFO] Start index:  2535955 Step:  507191  Rank:  5
[INFO] Start index:  3043146 Step:  507191  Rank:  6
[INFO] Start index:  3550337 Step:  507186  Rank:  7
[DEBUG] config path: /home/yuanzhis/A1/COMP90024_Assignment_1/src/config.yml
[DEBUG] config path: /home/yuanzhis/A1/COMP90024_Assignment_1/src/config.yml
[DEBUG] config path: /home/yuanzhis/A1/COMP90024_Assignment_1/src/config.yml
[DEBUG] config path: /home/yuanzhis/A1/COMP90024_Assignment_1/src/config.yml
[DEBUG] config path: /home/yuanzhis/A1/COMP90024_Assignment_1/src/config.yml
[DEBUG] config path: /home/yuanzhis/A1/COMP90024_Assignment_1/src/config.yml
[DEBUG] config path: /home/yuanzhis/A1/COMP90024_Assignment_1/src/config.yml
[debug] loaded cfg, big_twitter_path is:  /data/projects/COMP90024/bigTwitter.json
Start index:  0  End index:  507191
[debug] loaded cfg, big_twitter_path is:  /data/projects/COMP90024/bigTwitter.json
[debug] loaded cfg, big_twitter_path is:  /data/projects/COMP90024/bigTwitter.json
[debug] loaded cfg, big_twitter_path is:  /data/projects/COMP90024/bigTwitter.json
[debug] loaded cfg, big_twitter_path is:  /data/projects/COMP90024/bigTwitter.json
[debug] loaded cfg, big_twitter_path is:  /data/projects/COMP90024/bigTwitter.json
[debug] loaded cfg, big_twitter_path is:  /data/projects/COMP90024/bigTwitter.json
Start index:  3043146  End index:  3550337
Start index:  1521573  End index:  2028764
Start index:  2028764  End index:  2535955
Start index:  507191  End index:  1014382
Start index:  1014382  End index:  1521573
Start index:  2535955  End index:  3043146
Start index:  3550337  End index:  4057521
[INFO] Parsing Time cost:  0:00:48.693257  rank:  0
[INFO] Process 0 process 507191 records
[INFO] Parsing Time cost:  0:01:09.607507  rank:  1
[INFO] Process 1 process 507191 records
[INFO] Parsing Time cost:  0:01:23.765497  rank:  2
[INFO] Process 2 process 507191 records
[INFO] Parsing Time cost:  0:01:44.518319  rank:  3
[INFO] Process 3 process 507191 records
[INFO] Parsing Time cost:  0:01:58.109666  rank:  4
[INFO] Process 4 process 507191 records
[INFO] Parsing Time cost:  0:02:11.109517  rank:  5
[INFO] Process 5 process 507191 records
[INFO] Parsing Time cost:  0:02:22.835851  rank:  6
[INFO] Process 6 process 507191 records
[INFO] Parsing Time cost:  0:02:33.162124  rank:  7
[INFO] Process 7 process 507186 records

OUTPUT: 
Cell  #Total Tweets #Number of Languages Used #Top 10 Languages & #Tweets)
A1     21     2     [('English', 20), ('French', 1)]
B1     180     2     [('English', 179), ('Danish', 1)]
C1     45     3     [('English', 42), ('French', 2), ('German', 1)]
D1     93     3     [('English', 90), ('Portuguese', 2), ('Spanish', 1)]
A2     24     2     [('English', 23), ('Japanese', 1)]
B2     495     8     [('English', 482), ('Italian', 4), ('Japanese', 3), ('German', 2), ('Portuguese', 1), ('Finnish', 1), ('Spanish', 1), ('Hindi', 1)]
C2     88     4     [('English', 84), ('Spanish', 2), ('Romanian', 1), ('French', 1)]
D2     33     2     [('English', 31), ('Spanish', 2)]
A3     27     2     [('English', 26), ('Thai', 1)]
B3     628     8     [('English', 610), ('Japanese', 5), ('Romanian', 4), ('Spanish', 3), ('Portuguese', 3), ('Danish', 1), ('Thai', 1), ('German', 1)]
C3     4386     23     [('English', 4186), ('Japanese', 56), ('Spanish', 42), ('Portuguese', 15), ('German', 12), ('Romanian', 11), ('Italian', 9), ('Thai', 8), ('French', 8), ('Dutch', 6)]
D3     157     4     [('English', 154), ('Spanish', 1), ('Portuguese', 1), ('Thai', 1)]
A4     91     6     [('English', 84), ('Turkish', 2), ('French', 2), ('German', 1), ('Dutch', 1), ('Spanish', 1)]
B4     468     9     [('English', 450), ('Japanese', 8), ('Portuguese', 3), ('Italian', 2), ('German', 1), ('Spanish', 1), ('Turkish', 1), ('Dutch', 1), ('French', 1)]
C4     926     15     [('English', 888), ('Japanese', 6), ('Romanian', 6), ('Spanish', 5), ('Italian', 5), ('French', 3), ('Danish', 2), ('Dutch', 2), ('German', 2), ('Portuguese', 2)]
D4     3     1     [('English', 3)]
 Toal records:  7665
 Time Total:  0:02:33.228849
