Requirement already satisfied: ijson in /home/yuanzhis/.local/lib/python3.8/site-packages (3.1.4)
Requirement already satisfied: mpi4py in /home/yuanzhis/.local/lib/python3.8/site-packages (3.1.3)
Requirement already satisfied: PyYAML in /home/yuanzhis/.local/lib/python3.8/site-packages (6.0)
[debug] running root path: /home/yuanzhis/A1/COMP90024_Assignment_1
[DEBUG] config path: /home/yuanzhis/A1/COMP90024_Assignment_1/src/config.yml
[debug] loaded cfg, big_twitter_path is:  /data/projects/COMP90024/bigTwitter.json
[INFO] Start index:  0 Step:  5000  Rank:  0
Start index:  0  End index:  4998
[INFO] Parsing Time cost:  0:00:00.363926  rank:  0
[INFO] Process 0 process 5000 records

OUTPUT: 
Cell  #Total Tweets #Number of Languages Used #Top 10 Languages & #Tweets)
A1     0     0     []
B1     0     0     []
C1     0     0     []
D1     0     0     []
A2     0     0     []
B2     2     1     [('English', 2)]
C2     0     0     []
D2     0     0     []
A3     0     0     []
B3     2     1     [('English', 2)]
C3     10     1     [('English', 10)]
D3     0     0     []
A4     0     0     []
B4     0     0     []
C4     1     1     [('English', 1)]
D4     0     0     []
 Toal records:  15
 Time Total:  0:00:00.371289
