The following modules were not unloaded:
  (Use "module --force purge" to unload all):

  1) showq/0.15   2) slurm/latest
Requirement already satisfied: ijson in /home/yuanzhis/.local/lib/python3.8/site-packages (3.1.4)
Requirement already satisfied: mpi4py in /home/yuanzhis/.local/lib/python3.8/site-packages (3.1.3)
Requirement already satisfied: PyYAML in /home/yuanzhis/.local/lib/python3.8/site-packages (6.0)
Traceback (most recent call last):
  File "../src/main.py", line 16, in <module>
    from tkinter.messagebox import NO
  File "/usr/local/easybuild-2019/easybuild/software/compiler/gcccore/10.2.0/python/3.8.6/lib/python3.8/tkinter/__init__.py", line 36, in <module>
    import _tkinter # If this fails your Python may not be configured for Tk
ModuleNotFoundError: No module named '_tkinter'
Traceback (most recent call last):
  File "../src/main.py", line 16, in <module>
    from tkinter.messagebox import NO
  File "/usr/local/easybuild-2019/easybuild/software/compiler/gcccore/10.2.0/python/3.8.6/lib/python3.8/tkinter/__init__.py", line 36, in <module>
    import _tkinter # If this fails your Python may not be configured for Tk
ModuleNotFoundError: No module named '_tkinter'
Traceback (most recent call last):
  File "../src/main.py", line 16, in <module>
    from tkinter.messagebox import NO
  File "/usr/local/easybuild-2019/easybuild/software/compiler/gcccore/10.2.0/python/3.8.6/lib/python3.8/tkinter/__init__.py", line 36, in <module>
    import _tkinter # If this fails your Python may not be configured for Tk
ModuleNotFoundError: No module named '_tkinter'
Traceback (most recent call last):
  File "../src/main.py", line 16, in <module>
    from tkinter.messagebox import NO
  File "/usr/local/easybuild-2019/easybuild/software/compiler/gcccore/10.2.0/python/3.8.6/lib/python3.8/tkinter/__init__.py", line 36, in <module>
    import _tkinter # If this fails your Python may not be configured for Tk
ModuleNotFoundError: No module named '_tkinter'
Traceback (most recent call last):
  File "../src/main.py", line 16, in <module>
    from tkinter.messagebox import NO
  File "/usr/local/easybuild-2019/easybuild/software/compiler/gcccore/10.2.0/python/3.8.6/lib/python3.8/tkinter/__init__.py", line 36, in <module>
    import _tkinter # If this fails your Python may not be configured for Tk
ModuleNotFoundError: No module named '_tkinter'
Traceback (most recent call last):
  File "../src/main.py", line 16, in <module>
    from tkinter.messagebox import NO
  File "/usr/local/easybuild-2019/easybuild/software/compiler/gcccore/10.2.0/python/3.8.6/lib/python3.8/tkinter/__init__.py", line 36, in <module>
    import _tkinter # If this fails your Python may not be configured for Tk
ModuleNotFoundError: No module named '_tkinter'
Traceback (most recent call last):
  File "../src/main.py", line 16, in <module>
    from tkinter.messagebox import NO
  File "/usr/local/easybuild-2019/easybuild/software/compiler/gcccore/10.2.0/python/3.8.6/lib/python3.8/tkinter/__init__.py", line 36, in <module>
    import _tkinter # If this fails your Python may not be configured for Tk
ModuleNotFoundError: No module named '_tkinter'
Traceback (most recent call last):
  File "../src/main.py", line 16, in <module>
    from tkinter.messagebox import NO
  File "/usr/local/easybuild-2019/easybuild/software/compiler/gcccore/10.2.0/python/3.8.6/lib/python3.8/tkinter/__init__.py", line 36, in <module>
    import _tkinter # If this fails your Python may not be configured for Tk
ModuleNotFoundError: No module named '_tkinter'
--------------------------------------------------------------------------
Primary job  terminated normally, but 1 process returned
a non-zero exit code. Per user-direction, the job has been aborted.
--------------------------------------------------------------------------
--------------------------------------------------------------------------
mpiexec detected that one or more processes exited with non-zero status, thus causing
the job to be terminated. The first process to do so was:

  Process name: [[50546,1],1]
  Exit code:    1
--------------------------------------------------------------------------
